House_of_Assembly_Thursday_5_June_2025.txt
House_of_Assembly_Tuesday_3_June_2025.txt
House_of_Assembly_Wednesday_4_June_2025.txt
Legislative_Council_Thursday_5_June_2025.txt
Legislative_Council_Tuesday_19_August_2025.txt
Legislative_Council_Tuesday_3_June_2025.txt
Legislative_Council_Tuessday_10_June_2025.txt
Legislative_Council_Wednesday_4_June_2025.txt
House_of_Assembly_Tuesday_9_September_2025.txt
House_of_Assembly_Tuesday_19_August_2025.txt
House_of_Assembly_Thursday_11_September_2025.txt
House_of_Assembly_Tuesday_23_September_2025.txt
Legislative_Council_Friday_12_September_2025.txt
Legislative_Council_Tuesday_10_June_2025.txt
Legislative_Council_Tuesday_23_September_2025.txt
Legislative_Council_Thursday_25_September_2025.txt
Legislative_Council_Wednesday_24_September_2025.txt
Legislative_Council_Friday_26_September_2025.txt
Legislative_Council_Tuesday_4_November_2025.txt
Legislative_Council_Wednesday_5_November_2025.txt
Legislative_Council_Thursday_6_November_2025.txt
Hansard_March_2021.txt
House_of_Assembly_Thursday_6_November_2025.txt
House_of_Assembly_Tuesday_11_November_2025.txt
House_of_Assembly_Tuesday_4_November_2025.txt
House_of_Assembly_Wednesday_5_November_2025.txt
Legislative_Council_Tuesday_11_November_2025.txt
House_of_Assembly_Thursday_13_November_2025.txt
House_of_Assembly_Wednesday_12_November_2025.txt
Legislative_Council_Thursday_13_November_2025.txt
Legislative_Council_Wednesday_12_November_2025.txt
